<?xml version="1.0" encoding="UTF-8"?>
<!-- Generated by org.testng.reporters.JUnitReportReporter -->
<testsuite ignored="4" hostname="usuarios-MacBook-Air.local" failures="0" tests="1" name="CoolTesters.Selenium.HardAssert" time="0.000" errors="1" timestamp="03 oct. 2020 16:06:11 GMT" skipped="0">
  <testcase classname="CoolTesters.Selenium.HardAssert" name="verificarElTituloDePaginaBoolean" time="0.000">
    <error message="
Cannot inject @Test annotated Method [verificarElTituloDePaginaBoolean] with [class [Ljava.lang.String;].
For more information on native dependency injection please refer to http://testng.org/doc/documentation-main.html#native-dependency-injection" type="org.testng.TestNGException">
      <![CDATA[org.testng.TestNGException: 
Cannot inject @Test annotated Method [verificarElTituloDePaginaBoolean] with [class [Ljava.lang.String;].
For more information on native dependency injection please refer to http://testng.org/doc/documentation-main.html#native-dependency-injection
	at org.testng.internal.Parameters.checkParameterTypes(Parameters.java:244)
	at org.testng.internal.Parameters.createParameters(Parameters.java:172)
	at org.testng.internal.Parameters.createParameters(Parameters.java:458)
	at org.testng.internal.Parameters.handleParameters(Parameters.java:568)
	at org.testng.internal.Invoker.handleParameters(Invoker.java:1293)
	at org.testng.internal.Invoker.createParameters(Invoker.java:1020)
	at org.testng.internal.Invoker.invokeTestMethods(Invoker.java:1110)
	at org.testng.internal.TestMethodWorker.invokeTestMethods(TestMethodWorker.java:129)
	at org.testng.internal.TestMethodWorker.run(TestMethodWorker.java:112)
	at org.testng.TestRunner.privateRun(TestRunner.java:756)
	at org.testng.TestRunner.run(TestRunner.java:610)
	at org.testng.SuiteRunner.runTest(SuiteRunner.java:387)
	at org.testng.SuiteRunner.runSequentially(SuiteRunner.java:382)
	at org.testng.SuiteRunner.privateRun(SuiteRunner.java:340)
	at org.testng.SuiteRunner.run(SuiteRunner.java:289)
	at org.testng.SuiteRunnerWorker.runSuite(SuiteRunnerWorker.java:52)
	at org.testng.SuiteRunnerWorker.run(SuiteRunnerWorker.java:86)
	at org.testng.TestNG.runSuitesSequentially(TestNG.java:1293)
	at org.testng.TestNG.runSuitesLocally(TestNG.java:1218)
	at org.testng.TestNG.runSuites(TestNG.java:1133)
	at org.testng.TestNG.run(TestNG.java:1104)
	at org.testng.remote.AbstractRemoteTestNG.run(AbstractRemoteTestNG.java:115)
	at org.testng.remote.RemoteTestNG.initAndRun(RemoteTestNG.java:251)
	at org.testng.remote.RemoteTestNG.main(RemoteTestNG.java:77)
]]>
    </error>
  </testcase> <!-- verificarElTituloDePaginaBoolean -->
  <testcase classname="CoolTesters.Selenium.HardAssert" name="assertfalse">
    <skipped/>
  </testcase> <!-- assertfalse -->
  <testcase classname="CoolTesters.Selenium.HardAssert" name="assertNoEquals">
    <skipped/>
  </testcase> <!-- assertNoEquals -->
  <testcase classname="CoolTesters.Selenium.HardAssert" name="verificarElTituloDePagina">
    <skipped/>
  </testcase> <!-- verificarElTituloDePagina -->
  <testcase classname="CoolTesters.Selenium.HardAssert" name="assertTrue">
    <skipped/>
  </testcase> <!-- assertTrue -->
</testsuite> <!-- CoolTesters.Selenium.HardAssert -->
